<?xml version="1.0" encoding="UTF-8"?>
<!-- Generated by org.testng.reporters.JUnitReportReporter -->
<testsuite hostname="DESKTOP-73IGLM2" failures="0" tests="1" name="runner.TestRunner" time="22.220" errors="0" timestamp="2025-09-02T12:45:47 IST" skipped="0">
  <testcase classname="runner.TestRunner" name="runScenario" time="22.220"/>
</testsuite> <!-- runner.TestRunner -->
