<?xml version="1.0" encoding="UTF-8"?>
<!-- Generated by org.testng.reporters.JUnitReportReporter -->
<testsuite hostname="DESKTOP-73IGLM2" failures="0" tests="1" name="SDET.comprehensive.AppTest" time="0.019" errors="0" timestamp="2025-07-04T14:27:00 IST" skipped="0">
  <testcase classname="SDET.comprehensive.AppTest" name="shouldAnswerWithTrue" time="0.019"/>
</testsuite> <!-- SDET.comprehensive.AppTest -->
